Using pre-set license
Built from '2020.3/staging' branch; Version is '2020.3.13f1 (71691879b7f5) revision 7432472'; Using compiler version '192528614'; Build Type 'Release'
OS: 'Windows 10 Home Single Language; OS build 19041.1083; Version 2004; 64bit' Language: 'he' Physical Memory: 16315 MB
BatchMode: 1, IsHumanControllingUs: 0, StartBugReporterOnCrash: 0, Is64bit: 1, IsPro: 0

 COMMAND LINE ARGUMENTS:
C:\Program Files\Unity\Hub\Editor\2020.3.13f1\Editor\Unity.exe
-adb2
-batchMode
-noUpm
-name
AssetImportWorker0
-projectPath
D:/גל/מכללה/קורס פיתוח משחקים/courseproject
-logFile
Logs/AssetImportWorker0.log
-srvPort
50055
Successfully changed project path to: D:/גל/מכללה/קורס פיתוח משחקים/courseproject
D:/גל/מכללה/קורס פיתוח משחקים/courseproject
Using Asset Import Pipeline V2.
Refreshing native plugins compatible for Editor in 27.98 ms, found 2 plugins.
Preloading 0 native plugins for Editor in 0.00 ms.
Initialize engine version: 2020.3.13f1 (71691879b7f5)
[Subsystems] Discovering subsystems at path C:/Program Files/Unity/Hub/Editor/2020.3.13f1/Editor/Data/Resources/UnitySubsystems
[Subsystems] Discovering subsystems at path D:/גל/מכללה/קורס פיתוח משחקים/courseproject/Assets
GfxDevice: creating device client; threaded=0
Direct3D:
    Version:  Direct3D 11.0 [level 11.1]
    Renderer: NVIDIA GeForce RTX 2060 (ID=0x1f08)
    Vendor:   
    VRAM:     5980 MB
    Driver:   30.0.14.7111
Initialize mono
Mono path[0] = 'C:/Program Files/Unity/Hub/Editor/2020.3.13f1/Editor/Data/Managed'
Mono path[1] = 'C:/Program Files/Unity/Hub/Editor/2020.3.13f1/Editor/Data/MonoBleedingEdge/lib/mono/unityjit'
Mono config path = 'C:/Program Files/Unity/Hub/Editor/2020.3.13f1/Editor/Data/MonoBleedingEdge/etc'
Using monoOptions --debugger-agent=transport=dt_socket,embedding=1,server=y,suspend=n,address=127.0.0.1:56008
Begin MonoManager ReloadAssembly
Registering precompiled unity dll's ...
Register platform support module: C:/Program Files/Unity/Hub/Editor/2020.3.13f1/Editor/Data/PlaybackEngines/WebGLSupport/UnityEditor.WebGL.Extensions.dll
Register platform support module: C:/Program Files/Unity/Hub/Editor/2020.3.13f1/Editor/Data/PlaybackEngines/WindowsStandaloneSupport/UnityEditor.WindowsStandalone.Extensions.dll
Registered in 0.002701 seconds.
Native extension for WindowsStandalone target not found
Native extension for WebGL target not found
Refreshing native plugins compatible for Editor in 27.52 ms, found 2 plugins.
Preloading 0 native plugins for Editor in 0.00 ms.
Mono: successfully reloaded assembly
- Completed reload, in  2.046 seconds
Platform modules already initialized, skipping
Registering precompiled user dll's ...
Registered in 0.002829 seconds.
Begin MonoManager ReloadAssembly
Native extension for WindowsStandalone target not found
Native extension for WebGL target not found
Refreshing native plugins compatible for Editor in 0.28 ms, found 2 plugins.
Preloading 0 native plugins for Editor in 0.00 ms.
Mono: successfully reloaded assembly
- Completed reload, in  0.995 seconds
Platform modules already initialized, skipping
========================================================================
Worker process is ready to serve import requests
Launched and connected shader compiler UnityShaderCompiler.exe after 0.04 seconds
Refreshing native plugins compatible for Editor in 0.27 ms, found 2 plugins.
Preloading 0 native plugins for Editor in 0.00 ms.
Unloading 1394 Unused Serialized files (Serialized files now loaded: 0)
System memory in use before: 64.8 MB.
System memory in use after: 64.9 MB.

Unloading 19 unused Assets to reduce memory usage. Loaded Objects now: 1828.
Total: 2.000200 ms (FindLiveObjects: 0.116400 ms CreateObjectMapping: 0.040000 ms MarkObjects: 1.771500 ms  DeleteObjects: 0.071400 ms)

AssetImportParameters requested are different than current active one (requested -> active):
  custom:framework-win-MediaFoundation: 216162199b28c13a410421893ffa2e32 -> 
  custom:video-decoder-ogg-theora: a1e56fd34408186e4bbccfd4996cb3dc -> 
  custom:container-muxer-webm: aa71ff27fc2769a1b78a27578f13a17b -> 
  custom:container-demuxer-webm: 4f35f7cbe854078d1ac9338744f61a02 -> 
  custom:container-demuxer-ogg: 62fdf1f143b41e24485cea50d1cbac27 -> 
  custom:video-encoder-webm-vp8: eb34c28f22e8b96e1ab97ce403110664 -> 
  custom:video-decoder-webm-vp8: 9c59270c3fd7afecdb556c50c9e8de78 -> 
  custom:audio-decoder-ogg-vorbis: bf7c407c2cedff20999df2af8eb42d56 -> 
  custom:audio-encoder-webm-vorbis: bf7c407c2cedff20999df2af8eb42d56 -> 
========================================================================
Received Import Request.
  path: Assets/textures/ללא שם.png
  artifactKey: Guid(118318acf5c151548b50b1cdc1943059) Importer(815301076,1909f56bfc062723c751e8b465ee728b)
Start importing Assets/textures/ללא שם.png using Guid(118318acf5c151548b50b1cdc1943059) Importer(815301076,1909f56bfc062723c751e8b465ee728b)  -> (artifact id: '19a5ab3e20e61fc4e7258a5a953dafce') in 0.065037 seconds 
  Import took 0.067038 seconds .

========================================================================
Received Import Request.
  Time since last request: 2.860411 seconds.
  path: Assets/textures/ללא שם.png
  artifactKey: Guid(118318acf5c151548b50b1cdc1943059) Importer(815301076,1909f56bfc062723c751e8b465ee728b)
Start importing Assets/textures/ללא שם.png using Guid(118318acf5c151548b50b1cdc1943059) Importer(815301076,1909f56bfc062723c751e8b465ee728b)  -> (artifact id: '19a5ab3e20e61fc4e7258a5a953dafce') in 0.005863 seconds 
  Import took 0.008038 seconds .

========================================================================
Received Import Request.
  Time since last request: 2.551489 seconds.
  path: Assets/textures/ללא שם.png
  artifactKey: Guid(118318acf5c151548b50b1cdc1943059) Importer(815301076,1909f56bfc062723c751e8b465ee728b)
Start importing Assets/textures/ללא שם.png using Guid(118318acf5c151548b50b1cdc1943059) Importer(815301076,1909f56bfc062723c751e8b465ee728b)  -> (artifact id: '1c913db54c13a1fb83c4fa6eaf76f23a') in 0.045514 seconds 
  Import took 0.047800 seconds .

========================================================================
Received Import Request.
  Time since last request: 47.533793 seconds.
  path: Assets/textures/walltexture.png
  artifactKey: Guid(4b440e052eebb77438ace6d8fc78bc92) Importer(815301076,1909f56bfc062723c751e8b465ee728b)
Start importing Assets/textures/walltexture.png using Guid(4b440e052eebb77438ace6d8fc78bc92) Importer(815301076,1909f56bfc062723c751e8b465ee728b)  -> (artifact id: '2f390a79df35224dbc574ebc631955ad') in 0.011145 seconds 
  Import took 0.015426 seconds .

========================================================================
Received Import Request.
  Time since last request: 79.841192 seconds.
  path: Assets/textures/walltexture.png
  artifactKey: Guid(4b440e052eebb77438ace6d8fc78bc92) Importer(815301076,1909f56bfc062723c751e8b465ee728b)
Start importing Assets/textures/walltexture.png using Guid(4b440e052eebb77438ace6d8fc78bc92) Importer(815301076,1909f56bfc062723c751e8b465ee728b)  -> (artifact id: '18918df8e7c27a462eabe22c7f9bb5a5') in 0.013909 seconds 
  Import took 0.016944 seconds .

========================================================================
Received Import Request.
  Time since last request: 167.154580 seconds.
  path: Assets/textures/floortoptexture.png
  artifactKey: Guid(40f28ef8859c75141816bcec497df13e) Importer(815301076,1909f56bfc062723c751e8b465ee728b)
Start importing Assets/textures/floortoptexture.png using Guid(40f28ef8859c75141816bcec497df13e) Importer(815301076,1909f56bfc062723c751e8b465ee728b)  -> (artifact id: '75c9055983a055da64ebdf4926ef3eb7') in 0.009284 seconds 
  Import took 0.011794 seconds .

